  0.342715757692566       0.349288362302142     
  0.354593769967154       0.361836321820146     
  0.624060215079305       0.630989902685385     
 minmax densities : 
  3.327122105159426E-018   6826.98573768265     
  0.000000000000000E+000   2155.87442921971     
  4.934628357751126E-012   26.3947141861480     
           1 -9.255963134931783E+061  0.359329223632812     
         501 -9.255963134931783E+061  0.359344482421875     
        1301 -9.255963134931783E+061  0.358734130859375     
         101 -9.255963134931783E+061  0.359298706054688     
         901 -9.255963134931783E+061  0.359207153320312     
        1501 -9.255963134931783E+061  0.358627319335938     
 ERROR: photon out of CPU domain when it should not ... 
         301 -9.255963134931783E+061  0.359176635742188     
         701 -9.255963134931783E+061  0.359298706054688     
 ERROR: photon out of CPU domain when it should not ... 
 ERROR: photon out of CPU domain when it should not ... 
        1401 -9.255963134931783E+061  0.358795166015625     
        1101 -9.255963134931783E+061  0.358856201171875     
 ERROR: photon out of CPU domain when it should not ... 
        1001 -9.255963134931783E+061  0.359161376953125     
 ERROR: photon out of CPU domain when it should not ... 
         201 -9.255963134931783E+061  0.359100341796875     
 ERROR: photon out of CPU domain when it should not ... 
         601 -9.255963134931783E+061  0.359161376953125     
 ERROR: photon out of CPU domain when it should not ... 
 ERROR: photon out of CPU domain when it should not ... 
 ERROR: photon out of CPU domain when it should not ... 
 ERROR: photon out of CPU domain when it should not ... 
         801 -9.255963134931783E+061  0.359161376953125     
         401 -9.255963134931783E+061  0.359298706054688     
 ERROR: photon out of CPU domain when it should not ... 
