  0.376395621917278       0.383417695104374     
  0.365448331859375       0.376060515000504     
  0.339642801213572       0.345288435687385     
 minmax densities : 
  2.592172533581647E-017   5770.48442402651     
  0.000000000000000E+000   1822.25339300810     
  2.239939620293159E-012   104.386086923780     
           1 -9.255963134931783E+061  0.369995117187500     
         601 -9.255963134931783E+061  0.370422363281250     
        1201 -9.255963134931783E+061  0.371337890625000     
         501 -9.255963134931783E+061  0.370422363281250     
         701 -9.255963134931783E+061  0.370971679687500     
         401 -9.255963134931783E+061  0.370269775390625     
         301 -9.255963134931783E+061  0.370056152343750     
         101 -9.255963134931783E+061  0.369934082031250     
        1301 -9.255963134931783E+061  0.368408203125000     
         801 -9.255963134931783E+061  0.367675781250000     
         201 -9.255963134931783E+061  0.369934082031250     
         901 -9.255963134931783E+061  0.370971679687500     
        1401 -9.255963134931783E+061  0.369384765625000     
        1001 -9.255963134931783E+061  0.371337890625000     
        1101 -9.255963134931783E+061  0.372314453125000     
        1501 -9.255963134931783E+061  0.369842529296875     
 ERROR: photon out of CPU domain when it should not ... 
